{
  "RSpec": {
    "coverage": {
      "/Users/ablythe/src/FantasyBaseball/spec/models/roster_spec.rb": [
        1,
        null,
        1,
        1,
        1,
        1,
        5,
        null,
        1,
        1,
        null,
        null
      ],
      "/Users/ablythe/src/FantasyBaseball/spec/rails_helper.rb": [
        null,
        1,
        1,
        1,
        1,
        null,
        null,
        null,
        null,
        null,
        null,
        null,
        null,
        null,
        null,
        null,
        null,
        null,
        null,
        null,
        4,
        null,
        null,
        null,
        1,
        null,
        1,
        null,
        1,
        null,
        null,
        null,
        null,
        1,
        null,
        null,
        null,
        null,
        null,
        null,
        null,
        null,
        null,
        null,
        null,
        null,
        null,
        null,
        1,
        null
      ],
      "/Users/ablythe/src/FantasyBaseball/config/environment.rb": [
        null,
        1,
        null,
        null,
        1
      ],
      "/Users/ablythe/src/FantasyBaseball/config/application.rb": [
        1,
        null,
        1,
        null,
        null,
        null,
        1,
        null,
        1,
        1,
        1,
        null,
        null,
        null,
        null,
        null,
        null,
        null,
        null,
        null,
        null,
        null,
        null,
        null,
        1,
        null,
        null
      ],
      "/Users/ablythe/src/FantasyBaseball/config/boot.rb": [
        1,
        null,
        1
      ],
      "/Users/ablythe/src/FantasyBaseball/config/environments/test.rb": [
        1,
        null,
        null,
        null,
        null,
        null,
        null,
        1,
        null,
        null,
        null,
        null,
        1,
        null,
        null,
        1,
        1,
        null,
        null,
        1,
        1,
        null,
        null,
        1,
        null,
        null,
        1,
        null,
        null,
        null,
        null,
        1,
        null,
        null,
        1,
        null,
        null,
        1,
        null,
        null,
        null,
        null
      ],
      "/Users/ablythe/src/FantasyBaseball/config/initializers/assets.rb": [
        null,
        null,
        null,
        1,
        null,
        null,
        null,
        null,
        null,
        null,
        null
      ],
      "/Users/ablythe/src/FantasyBaseball/config/initializers/backtrace_silencers.rb": [
        null,
        null,
        null,
        null,
        null,
        null,
        null
      ],
      "/Users/ablythe/src/FantasyBaseball/config/initializers/cookies_serializer.rb": [
        null,
        null,
        1
      ],
      "/Users/ablythe/src/FantasyBaseball/config/initializers/devise.rb": [
        null,
        null,
        1,
        null,
        null,
        null,
        null,
        null,
        null,
        null,
        null,
        null,
        1,
        null,
        null,
        null,
        null,
        null,
        null,
        null,
        null,
        1,
        null,
        null,
        null,
        null,
        null,
        null,
        null,
        null,
        null,
        null,
        null,
        null,
        null,
        null,
        null,
        null,
        null,
        null,
        null,
        null,
        null,
        1,
        null,
        null,
        null,
        null,
        1,
        null,
        null,
        null,
        null,
        null,
        null,
        null,
        null,
        null,
        null,
        null,
        null,
        null,
        null,
        null,
        null,
        null,
        null,
        null,
        null,
        null,
        null,
        null,
        null,
        null,
        null,
        null,
        null,
        null,
        null,
        1,
        null,
        null,
        null,
        null,
        null,
        null,
        null,
        null,
        null,
        null,
        null,
        null,
        null,
        null,
        null,
        null,
        1,
        null,
        null,
        null,
        null,
        null,
        null,
        null,
        null,
        null,
        null,
        null,
        null,
        null,
        null,
        null,
        null,
        null,
        null,
        null,
        null,
        null,
        null,
        null,
        null,
        1,
        null,
        null,
        null,
        null,
        null,
        null,
        null,
        null,
        null,
        1,
        null,
        null,
        null,
        null,
        null,
        null,
        null,
        null,
        null,
        null,
        1,
        null,
        null,
        null,
        null,
        null,
        null,
        null,
        null,
        null,
        null,
        null,
        null,
        null,
        null,
        null,
        null,
        null,
        null,
        null,
        null,
        null,
        null,
        null,
        null,
        null,
        null,
        null,
        null,
        null,
        null,
        null,
        null,
        null,
        null,
        null,
        null,
        null,
        null,
        null,
        null,
        null,
        null,
        null,
        null,
        null,
        null,
        null,
        null,
        1,
        null,
        null,
        null,
        null,
        null,
        null,
        null,
        null,
        null,
        null,
        null,
        null,
        null,
        null,
        null,
        null,
        null,
        null,
        null,
        null,
        null,
        null,
        null,
        null,
        null,
        null,
        null,
        null,
        null,
        null,
        null,
        null,
        null,
        null,
        null,
        null,
        null,
        1,
        null,
        null,
        null,
        null,
        null,
        null,
        null,
        null,
        null,
        null,
        null,
        null,
        null,
        null,
        null,
        null,
        null,
        null,
        null,
        null,
        null,
        null,
        null,
        null,
        null,
        null,
        null,
        null,
        null
      ],
      "/Users/ablythe/src/FantasyBaseball/config/initializers/filter_parameter_logging.rb": [
        null,
        null,
        null,
        1
      ],
      "/Users/ablythe/src/FantasyBaseball/config/initializers/inflections.rb": [
        null,
        null,
        null,
        null,
        null,
        null,
        null,
        null,
        null,
        null,
        null,
        null,
        null,
        null,
        null,
        null
      ],
      "/Users/ablythe/src/FantasyBaseball/config/initializers/mime_types.rb": [
        null,
        null,
        null,
        null
      ],
      "/Users/ablythe/src/FantasyBaseball/config/initializers/session_store.rb": [
        null,
        null,
        1
      ],
      "/Users/ablythe/src/FantasyBaseball/config/initializers/wrap_parameters.rb": [
        null,
        null,
        null,
        null,
        null,
        null,
        1,
        1,
        null,
        null,
        null,
        null,
        null,
        null
      ],
      "/Users/ablythe/src/FantasyBaseball/spec/factories/players.rb": [
        1,
        1,
        1,
        1,
        1,
        null,
        null,
        null
      ],
      "/Users/ablythe/src/FantasyBaseball/spec/factories/team_scrapers.rb": [
        1,
        1,
        null,
        null,
        null,
        null
      ],
      "/Users/ablythe/src/FantasyBaseball/spec/factories/users.rb": [
        1,
        1,
        6,
        1,
        1,
        null,
        null
      ],
      "/Users/ablythe/src/FantasyBaseball/config/routes.rb": [
        1,
        1,
        null,
        1,
        1,
        1,
        1,
        1,
        null,
        null,
        null,
        null,
        1,
        null,
        null
      ],
      "/Users/ablythe/src/FantasyBaseball/app/models/user.rb": [
        1,
        null,
        null,
        1,
        null,
        1,
        1,
        null,
        1,
        0,
        0,
        null,
        null,
        null,
        1,
        0,
        0,
        0,
        0,
        null,
        null,
        null,
        1,
        0,
        0,
        0,
        0,
        0,
        0,
        0,
        0,
        null,
        null,
        0,
        null,
        null,
        1,
        0,
        0,
        0,
        0,
        0,
        0,
        0,
        0,
        0,
        0,
        null,
        null,
        0,
        0,
        null,
        null,
        0,
        null,
        0,
        null,
        null,
        null,
        null,
        null,
        null,
        null,
        null,
        null,
        null,
        null,
        null,
        null,
        null,
        null
      ],
      "/Users/ablythe/src/FantasyBaseball/app/helpers/application_helper.rb": [
        1,
        null
      ],
      "/Users/ablythe/src/FantasyBaseball/app/helpers/players_helper.rb": [
        1,
        null
      ],
      "/Users/ablythe/src/FantasyBaseball/app/helpers/rosters_helper.rb": [
        1,
        null
      ],
      "/Users/ablythe/src/FantasyBaseball/app/helpers/search_helper.rb": [
        1,
        null
      ],
      "/Users/ablythe/src/FantasyBaseball/app/helpers/tracker_helper.rb": [
        1,
        null
      ],
      "/Users/ablythe/src/FantasyBaseball/spec/support/devise.rb": [
        1,
        1,
        null,
        1,
        1,
        0,
        0,
        null,
        null,
        1,
        null
      ],
      "/Users/ablythe/src/FantasyBaseball/spec/support/focus.rb": [
        1,
        1,
        1,
        null
      ],
      "/Users/ablythe/src/FantasyBaseball/spec/support/json.rb": [
        1,
        1,
        1,
        0,
        0,
        null,
        0,
        null,
        null,
        null,
        1,
        null
      ],
      "/Users/ablythe/src/FantasyBaseball/app/models/roster.rb": [
        1,
        1,
        1,
        null,
        1,
        1,
        1,
        5,
        5,
        null,
        null,
        null,
        1,
        0,
        0,
        0,
        0,
        0,
        0,
        0,
        null,
        0,
        null,
        null,
        0,
        null,
        null,
        null
      ]
    },
    "timestamp": 1434407449
  }
}
